<?xml version="1.0" encoding="UTF-8"?>
<!-- Generated by org.testng.reporters.JUnitReportReporter -->
<testsuite skipped="0" hostname="Mano-PC" name="testCase.WindowsHandling" tests="1" failures="0" timestamp="16 Jan 2023 14:27:21 GMT" time="21.517" errors="0">
  <testcase name="windowshandle" time="21.517" classname="testCase.WindowsHandling"/>
</testsuite> <!-- testCase.WindowsHandling -->
