<?xml version="1.0" encoding="UTF-8"?>
<!-- Generated by org.testng.reporters.JUnitReportReporter -->
<testsuite skipped="0" hostname="Mano-PC" name="com.testng.selenium.TestNgProject.AppTest" tests="1" failures="0" timestamp="07 Jan 2023 10:06:55 GMT" time="15.417" errors="0">
  <testcase name="oneMoreTest" time="15.417" classname="com.testng.selenium.TestNgProject.AppTest"/>
</testsuite> <!-- com.testng.selenium.TestNgProject.AppTest -->
